<?xml version="1.0" encoding="UTF-8"?>
<!-- Generated by org.testng.reporters.JUnitReportReporter -->
<testsuite hostname="DESKTOP-N4D5LA0" failures="0" tests="3" name="webapp.webTest" time="3.229" errors="0" timestamp="2022-02-18T20:21:56 SGT" skipped="0">
  <testcase classname="webapp.webTest" name="testHeader" time="0.786"/>
  <system-out/>
  <testcase classname="webapp.webTest" name="testTitle" time="0.817"/>
  <system-out/>
  <testcase classname="webapp.webTest" name="testAdminLogin" time="1.626"/>
  <system-out/>
</testsuite> <!-- webapp.webTest -->
