<?xml version="1.0" encoding="UTF-8"?>
<!-- Generated by org.testng.reporters.JUnitReportReporter -->
<testsuite hostname="DESKTOP-N4D5LA0" failures="0" tests="3" name="TestSelenium" time="3.246" errors="0" timestamp="2022-02-19T19:25:17 SGT" skipped="0">
  <testcase classname="TestSelenium" name="testTitle" time="0.753"/>
  <system-out/>
  <testcase classname="TestSelenium" name="testAdminLogin" time="1.787"/>
  <system-out/>
  <testcase classname="TestSelenium" name="testHeader" time="0.706"/>
  <system-out/>
</testsuite> <!-- TestSelenium -->
