<?xml version="1.0" encoding="UTF-8"?>
<!-- Generated by org.testng.reporters.JUnitReportReporter -->
<testsuite hostname="DESKTOP-N4D5LA0" failures="0" tests="2" name="test.TestServlet" time="0.160" errors="0" timestamp="2022-02-19T19:26:41 SGT" skipped="0">
  <testcase classname="test.TestServlet" name="testValidEmail" time="0.144"/>
  <system-out/>
  <testcase classname="test.TestServlet" name="testInvalidEmail" time="0.016"/>
  <system-out/>
</testsuite> <!-- test.TestServlet -->
