<?xml version="1.0" encoding="UTF-8"?>
<!-- Generated by org.testng.reporters.JUnitReportReporter -->
<testsuite hostname="DESKTOP-N4D5LA0" failures="0" tests="3" name="webapp.webTest" time="3.352" errors="0" timestamp="2022-02-19T16:46:37 SGT" skipped="0">
  <testcase classname="webapp.webTest" name="testTitle" time="0.712"/>
  <system-out/>
  <testcase classname="webapp.webTest" name="testAdminLogin" time="1.902"/>
  <system-out/>
  <testcase classname="webapp.webTest" name="testHeader" time="0.738"/>
  <system-out/>
</testsuite> <!-- webapp.webTest -->
