<?xml version="1.0" encoding="UTF-8"?>
<!-- Generated by org.testng.reporters.JUnitReportReporter -->
<testsuite hostname="DESKTOP-N4D5LA0" failures="1" tests="3" name="webapp.webTest" time="3.565" errors="0" timestamp="2022-02-19T13:22:48 SGT" skipped="0">
  <testcase classname="webapp.webTest" name="testTitle" time="0.832"/>
  <system-out/>
  <testcase classname="webapp.webTest" name="testAdminLogin" time="1.861">
    <failure message="expected [true] but found [false]" type="java.lang.AssertionError">
      <![CDATA[java.lang.AssertionError: expected [true] but found [false]
at webapp.webTest.testAdminLogin(webTest.java:70)
]]>
    </failure>
  </testcase> <!-- testAdminLogin -->
  <system-out/>
  <testcase classname="webapp.webTest" name="testHeader" time="0.872"/>
  <system-out/>
</testsuite> <!-- webapp.webTest -->
