<?xml version="1.0" encoding="UTF-8"?>
<!-- Generated by org.testng.reporters.JUnitReportReporter -->
<testsuite hostname="DESKTOP-N4D5LA0" failures="0" tests="2" name="TestServlet" time="0.157" errors="0" timestamp="2022-02-19T19:22:17 SGT" skipped="0">
  <testcase classname="TestServlet" name="testValidEmail" time="0.141"/>
  <system-out/>
  <testcase classname="TestServlet" name="testInvalidEmail" time="0.016"/>
  <system-out/>
</testsuite> <!-- TestServlet -->
